-- Install configuration: ""
-- Execute custom install script
-- Up-to-date symlink: /home/ani-root/disaster_robot_ws/install/disaster_robot_description/share/disaster_robot_description/urdf/disaster_robot.urdf
-- Up-to-date symlink: /home/ani-root/disaster_robot_ws/install/disaster_robot_description/share/disaster_robot_description/launch/robot_gazebo.launch.py
-- Symlinking: /home/ani-root/disaster_robot_ws/install/disaster_robot_description/share/disaster_robot_description/worlds/disaster_scene.world
-- Up-to-date symlink: /home/ani-root/disaster_robot_ws/install/disaster_robot_description/share/disaster_robot_description/worlds/empty.world
-- Up-to-date symlink: /home/ani-root/disaster_robot_ws/install/disaster_robot_description/share/ament_index/resource_index/package_run_dependencies/disaster_robot_description
-- Up-to-date symlink: /home/ani-root/disaster_robot_ws/install/disaster_robot_description/share/ament_index/resource_index/parent_prefix_path/disaster_robot_description
-- Up-to-date symlink: /home/ani-root/disaster_robot_ws/install/disaster_robot_description/share/disaster_robot_description/environment/ament_prefix_path.sh
-- Up-to-date symlink: /home/ani-root/disaster_robot_ws/install/disaster_robot_description/share/disaster_robot_description/environment/ament_prefix_path.dsv
-- Up-to-date symlink: /home/ani-root/disaster_robot_ws/install/disaster_robot_description/share/disaster_robot_description/environment/path.sh
-- Up-to-date symlink: /home/ani-root/disaster_robot_ws/install/disaster_robot_description/share/disaster_robot_description/environment/path.dsv
-- Up-to-date symlink: /home/ani-root/disaster_robot_ws/install/disaster_robot_description/share/disaster_robot_description/local_setup.bash
-- Up-to-date symlink: /home/ani-root/disaster_robot_ws/install/disaster_robot_description/share/disaster_robot_description/local_setup.sh
-- Up-to-date symlink: /home/ani-root/disaster_robot_ws/install/disaster_robot_description/share/disaster_robot_description/local_setup.zsh
-- Up-to-date symlink: /home/ani-root/disaster_robot_ws/install/disaster_robot_description/share/disaster_robot_description/local_setup.dsv
-- Symlinking: /home/ani-root/disaster_robot_ws/install/disaster_robot_description/share/disaster_robot_description/package.dsv
-- Up-to-date symlink: /home/ani-root/disaster_robot_ws/install/disaster_robot_description/share/ament_index/resource_index/packages/disaster_robot_description
-- Up-to-date symlink: /home/ani-root/disaster_robot_ws/install/disaster_robot_description/share/disaster_robot_description/cmake/disaster_robot_descriptionConfig.cmake
-- Up-to-date symlink: /home/ani-root/disaster_robot_ws/install/disaster_robot_description/share/disaster_robot_description/cmake/disaster_robot_descriptionConfig-version.cmake
-- Up-to-date symlink: /home/ani-root/disaster_robot_ws/install/disaster_robot_description/share/disaster_robot_description/package.xml
