-- Found ament_cmake: 1.3.12 (/opt/ros/humble/share/ament_cmake/cmake)
-- Override CMake install command with custom implementation using symlinks instead of copying resources
-- Configuring done
-- Generating done
-- Build files have been written to: /home/ani-root/disaster_robot_ws/build/disaster_robot_description
-- Install configuration: ""
-- Execute custom install script
-- Symlinking: /home/ani-root/disaster_robot_ws/install/disaster_robot_description/share/disaster_robot_description/urdf/disaster_robot.urdf
-- Symlinking: /home/ani-root/disaster_robot_ws/install/disaster_robot_description/share/disaster_robot_description/launch/robot_gazebo.launch.py
-- Symlinking: /home/ani-root/disaster_robot_ws/install/disaster_robot_description/share/disaster_robot_description/worlds/empty.world
-- Symlinking: /home/ani-root/disaster_robot_ws/install/disaster_robot_description/share/ament_index/resource_index/package_run_dependencies/disaster_robot_description
-- Symlinking: /home/ani-root/disaster_robot_ws/install/disaster_robot_description/share/ament_index/resource_index/parent_prefix_path/disaster_robot_description
-- Symlinking: /home/ani-root/disaster_robot_ws/install/disaster_robot_description/share/disaster_robot_description/environment/ament_prefix_path.sh
-- Symlinking: /home/ani-root/disaster_robot_ws/install/disaster_robot_description/share/disaster_robot_description/environment/ament_prefix_path.dsv
-- Symlinking: /home/ani-root/disaster_robot_ws/install/disaster_robot_description/share/disaster_robot_description/environment/path.sh
-- Symlinking: /home/ani-root/disaster_robot_ws/install/disaster_robot_description/share/disaster_robot_description/environment/path.dsv
-- Symlinking: /home/ani-root/disaster_robot_ws/install/disaster_robot_description/share/disaster_robot_description/local_setup.bash
-- Symlinking: /home/ani-root/disaster_robot_ws/install/disaster_robot_description/share/disaster_robot_description/local_setup.sh
-- Symlinking: /home/ani-root/disaster_robot_ws/install/disaster_robot_description/share/disaster_robot_description/local_setup.zsh
-- Symlinking: /home/ani-root/disaster_robot_ws/install/disaster_robot_description/share/disaster_robot_description/local_setup.dsv
-- Symlinking: /home/ani-root/disaster_robot_ws/install/disaster_robot_description/share/disaster_robot_description/package.dsv
-- Symlinking: /home/ani-root/disaster_robot_ws/install/disaster_robot_description/share/ament_index/resource_index/packages/disaster_robot_description
-- Symlinking: /home/ani-root/disaster_robot_ws/install/disaster_robot_description/share/disaster_robot_description/cmake/disaster_robot_descriptionConfig.cmake
-- Symlinking: /home/ani-root/disaster_robot_ws/install/disaster_robot_description/share/disaster_robot_description/cmake/disaster_robot_descriptionConfig-version.cmake
-- Symlinking: /home/ani-root/disaster_robot_ws/install/disaster_robot_description/share/disaster_robot_description/package.xml
