[0.010s] Invoking command in '/home/ani-root/disaster_robot_ws/build/disaster_robot_description': CMAKE_PREFIX_PATH=${CMAKE_PREFIX_PATH}:/opt/ros/humble VIRTUAL_ENV_PROMPT=(rl_robot_env) /usr/bin/cmake /home/ani-root/disaster_robot_ws/src/disaster_robot_description -DAMENT_CMAKE_SYMLINK_INSTALL=1 -DCMAKE_INSTALL_PREFIX=/home/ani-root/disaster_robot_ws/install/disaster_robot_description
[0.017s] -- Found ament_cmake: 1.3.12 (/opt/ros/humble/share/ament_cmake/cmake)
[0.087s] -- Override CMake install command with custom implementation using symlinks instead of copying resources
[0.156s] -- Configuring done
[0.162s] -- Generating done
[0.163s] -- Build files have been written to: /home/ani-root/disaster_robot_ws/build/disaster_robot_description
[0.166s] Invoked command in '/home/ani-root/disaster_robot_ws/build/disaster_robot_description' returned '0': CMAKE_PREFIX_PATH=${CMAKE_PREFIX_PATH}:/opt/ros/humble VIRTUAL_ENV_PROMPT=(rl_robot_env) /usr/bin/cmake /home/ani-root/disaster_robot_ws/src/disaster_robot_description -DAMENT_CMAKE_SYMLINK_INSTALL=1 -DCMAKE_INSTALL_PREFIX=/home/ani-root/disaster_robot_ws/install/disaster_robot_description
[0.167s] Invoking command in '/home/ani-root/disaster_robot_ws/build/disaster_robot_description': CMAKE_PREFIX_PATH=${CMAKE_PREFIX_PATH}:/opt/ros/humble VIRTUAL_ENV_PROMPT=(rl_robot_env) /usr/bin/cmake --build /home/ani-root/disaster_robot_ws/build/disaster_robot_description -- -j16 -l16
[0.191s] Invoked command in '/home/ani-root/disaster_robot_ws/build/disaster_robot_description' returned '0': CMAKE_PREFIX_PATH=${CMAKE_PREFIX_PATH}:/opt/ros/humble VIRTUAL_ENV_PROMPT=(rl_robot_env) /usr/bin/cmake --build /home/ani-root/disaster_robot_ws/build/disaster_robot_description -- -j16 -l16
[0.198s] Invoking command in '/home/ani-root/disaster_robot_ws/build/disaster_robot_description': CMAKE_PREFIX_PATH=${CMAKE_PREFIX_PATH}:/opt/ros/humble VIRTUAL_ENV_PROMPT=(rl_robot_env) /usr/bin/cmake --install /home/ani-root/disaster_robot_ws/build/disaster_robot_description
[0.204s] -- Install configuration: ""
[0.204s] -- Execute custom install script
[0.205s] -- Symlinking: /home/ani-root/disaster_robot_ws/install/disaster_robot_description/share/disaster_robot_description/urdf/disaster_robot.urdf
[0.212s] -- Symlinking: /home/ani-root/disaster_robot_ws/install/disaster_robot_description/share/disaster_robot_description/launch/robot_gazebo.launch.py
[0.220s] -- Symlinking: /home/ani-root/disaster_robot_ws/install/disaster_robot_description/share/disaster_robot_description/worlds/empty.world
[0.228s] -- Symlinking: /home/ani-root/disaster_robot_ws/install/disaster_robot_description/share/ament_index/resource_index/package_run_dependencies/disaster_robot_description
[0.235s] -- Symlinking: /home/ani-root/disaster_robot_ws/install/disaster_robot_description/share/ament_index/resource_index/parent_prefix_path/disaster_robot_description
[0.241s] -- Symlinking: /home/ani-root/disaster_robot_ws/install/disaster_robot_description/share/disaster_robot_description/environment/ament_prefix_path.sh
[0.247s] -- Symlinking: /home/ani-root/disaster_robot_ws/install/disaster_robot_description/share/disaster_robot_description/environment/ament_prefix_path.dsv
[0.253s] -- Symlinking: /home/ani-root/disaster_robot_ws/install/disaster_robot_description/share/disaster_robot_description/environment/path.sh
[0.259s] -- Symlinking: /home/ani-root/disaster_robot_ws/install/disaster_robot_description/share/disaster_robot_description/environment/path.dsv
[0.265s] -- Symlinking: /home/ani-root/disaster_robot_ws/install/disaster_robot_description/share/disaster_robot_description/local_setup.bash
[0.271s] -- Symlinking: /home/ani-root/disaster_robot_ws/install/disaster_robot_description/share/disaster_robot_description/local_setup.sh
[0.276s] -- Symlinking: /home/ani-root/disaster_robot_ws/install/disaster_robot_description/share/disaster_robot_description/local_setup.zsh
[0.281s] -- Symlinking: /home/ani-root/disaster_robot_ws/install/disaster_robot_description/share/disaster_robot_description/local_setup.dsv
[0.287s] -- Symlinking: /home/ani-root/disaster_robot_ws/install/disaster_robot_description/share/disaster_robot_description/package.dsv
[0.292s] -- Symlinking: /home/ani-root/disaster_robot_ws/install/disaster_robot_description/share/ament_index/resource_index/packages/disaster_robot_description
[0.298s] -- Symlinking: /home/ani-root/disaster_robot_ws/install/disaster_robot_description/share/disaster_robot_description/cmake/disaster_robot_descriptionConfig.cmake
[0.303s] -- Symlinking: /home/ani-root/disaster_robot_ws/install/disaster_robot_description/share/disaster_robot_description/cmake/disaster_robot_descriptionConfig-version.cmake
[0.309s] -- Symlinking: /home/ani-root/disaster_robot_ws/install/disaster_robot_description/share/disaster_robot_description/package.xml
[0.317s] Invoked command in '/home/ani-root/disaster_robot_ws/build/disaster_robot_description' returned '0': CMAKE_PREFIX_PATH=${CMAKE_PREFIX_PATH}:/opt/ros/humble VIRTUAL_ENV_PROMPT=(rl_robot_env) /usr/bin/cmake --install /home/ani-root/disaster_robot_ws/build/disaster_robot_description
