[0.009s] Invoking command in '/home/ani-root/disaster_robot_ws/build/disaster_robot_description': CMAKE_PREFIX_PATH=${CMAKE_PREFIX_PATH}:/opt/ros/humble VIRTUAL_ENV_PROMPT=(rl_robot_env) /usr/bin/cmake /home/ani-root/disaster_robot_ws/src/disaster_robot_description -DCMAKE_INSTALL_PREFIX=/home/ani-root/disaster_robot_ws/install/disaster_robot_description
[0.027s] -- Found ament_cmake: 1.3.12 (/opt/ros/humble/share/ament_cmake/cmake)
[0.131s] -- Override CMake install command with custom implementation using symlinks instead of copying resources
[0.229s] -- Configuring done
[0.236s] -- Generating done
[0.238s] -- Build files have been written to: /home/ani-root/disaster_robot_ws/build/disaster_robot_description
[0.241s] Invoked command in '/home/ani-root/disaster_robot_ws/build/disaster_robot_description' returned '0': CMAKE_PREFIX_PATH=${CMAKE_PREFIX_PATH}:/opt/ros/humble VIRTUAL_ENV_PROMPT=(rl_robot_env) /usr/bin/cmake /home/ani-root/disaster_robot_ws/src/disaster_robot_description -DCMAKE_INSTALL_PREFIX=/home/ani-root/disaster_robot_ws/install/disaster_robot_description
[0.243s] Invoking command in '/home/ani-root/disaster_robot_ws/build/disaster_robot_description': CMAKE_PREFIX_PATH=${CMAKE_PREFIX_PATH}:/opt/ros/humble VIRTUAL_ENV_PROMPT=(rl_robot_env) /usr/bin/cmake --build /home/ani-root/disaster_robot_ws/build/disaster_robot_description -- -j16 -l16
[0.271s] Invoked command in '/home/ani-root/disaster_robot_ws/build/disaster_robot_description' returned '0': CMAKE_PREFIX_PATH=${CMAKE_PREFIX_PATH}:/opt/ros/humble VIRTUAL_ENV_PROMPT=(rl_robot_env) /usr/bin/cmake --build /home/ani-root/disaster_robot_ws/build/disaster_robot_description -- -j16 -l16
[0.279s] Invoking command in '/home/ani-root/disaster_robot_ws/build/disaster_robot_description': CMAKE_PREFIX_PATH=${CMAKE_PREFIX_PATH}:/opt/ros/humble VIRTUAL_ENV_PROMPT=(rl_robot_env) /usr/bin/cmake --install /home/ani-root/disaster_robot_ws/build/disaster_robot_description
[0.284s] -- Install configuration: ""
[0.284s] -- Execute custom install script
[0.284s] -- Up-to-date symlink: /home/ani-root/disaster_robot_ws/install/disaster_robot_description/share/disaster_robot_description/urdf/disaster_robot.urdf
[0.285s] -- Up-to-date symlink: /home/ani-root/disaster_robot_ws/install/disaster_robot_description/share/disaster_robot_description/launch/robot_gazebo.launch.py
[0.285s] -- Up-to-date symlink: /home/ani-root/disaster_robot_ws/install/disaster_robot_description/share/disaster_robot_description/worlds/disaster_scene.world
[0.285s] -- Up-to-date symlink: /home/ani-root/disaster_robot_ws/install/disaster_robot_description/share/disaster_robot_description/worlds/empty.world
[0.285s] -- Up-to-date symlink: /home/ani-root/disaster_robot_ws/install/disaster_robot_description/share/ament_index/resource_index/package_run_dependencies/disaster_robot_description
[0.285s] -- Up-to-date symlink: /home/ani-root/disaster_robot_ws/install/disaster_robot_description/share/ament_index/resource_index/parent_prefix_path/disaster_robot_description
[0.285s] -- Up-to-date symlink: /home/ani-root/disaster_robot_ws/install/disaster_robot_description/share/disaster_robot_description/environment/ament_prefix_path.sh
[0.286s] -- Up-to-date symlink: /home/ani-root/disaster_robot_ws/install/disaster_robot_description/share/disaster_robot_description/environment/ament_prefix_path.dsv
[0.286s] -- Up-to-date symlink: /home/ani-root/disaster_robot_ws/install/disaster_robot_description/share/disaster_robot_description/environment/path.sh
[0.286s] -- Up-to-date symlink: /home/ani-root/disaster_robot_ws/install/disaster_robot_description/share/disaster_robot_description/environment/path.dsv
[0.286s] -- Up-to-date symlink: /home/ani-root/disaster_robot_ws/install/disaster_robot_description/share/disaster_robot_description/local_setup.bash
[0.286s] -- Up-to-date symlink: /home/ani-root/disaster_robot_ws/install/disaster_robot_description/share/disaster_robot_description/local_setup.sh
[0.286s] -- Up-to-date symlink: /home/ani-root/disaster_robot_ws/install/disaster_robot_description/share/disaster_robot_description/local_setup.zsh
[0.286s] -- Up-to-date symlink: /home/ani-root/disaster_robot_ws/install/disaster_robot_description/share/disaster_robot_description/local_setup.dsv
[0.286s] -- Symlinking: /home/ani-root/disaster_robot_ws/install/disaster_robot_description/share/disaster_robot_description/package.dsv
[0.293s] -- Up-to-date symlink: /home/ani-root/disaster_robot_ws/install/disaster_robot_description/share/ament_index/resource_index/packages/disaster_robot_description
[0.294s] -- Up-to-date symlink: /home/ani-root/disaster_robot_ws/install/disaster_robot_description/share/disaster_robot_description/cmake/disaster_robot_descriptionConfig.cmake
[0.294s] -- Up-to-date symlink: /home/ani-root/disaster_robot_ws/install/disaster_robot_description/share/disaster_robot_description/cmake/disaster_robot_descriptionConfig-version.cmake
[0.294s] -- Up-to-date symlink: /home/ani-root/disaster_robot_ws/install/disaster_robot_description/share/disaster_robot_description/package.xml
[0.295s] Invoked command in '/home/ani-root/disaster_robot_ws/build/disaster_robot_description' returned '0': CMAKE_PREFIX_PATH=${CMAKE_PREFIX_PATH}:/opt/ros/humble VIRTUAL_ENV_PROMPT=(rl_robot_env) /usr/bin/cmake --install /home/ani-root/disaster_robot_ws/build/disaster_robot_description
