[0.017s] Invoking command in '/home/ani-root/disaster_robot_ws/build/disaster_robot_description': CMAKE_PREFIX_PATH=${CMAKE_PREFIX_PATH}:/opt/ros/humble VIRTUAL_ENV_PROMPT=(rl_robot_env) /usr/bin/cmake --build /home/ani-root/disaster_robot_ws/build/disaster_robot_description -- -j16 -l16
[0.074s] Invoked command in '/home/ani-root/disaster_robot_ws/build/disaster_robot_description' returned '0': CMAKE_PREFIX_PATH=${CMAKE_PREFIX_PATH}:/opt/ros/humble VIRTUAL_ENV_PROMPT=(rl_robot_env) /usr/bin/cmake --build /home/ani-root/disaster_robot_ws/build/disaster_robot_description -- -j16 -l16
[0.083s] Invoking command in '/home/ani-root/disaster_robot_ws/build/disaster_robot_description': CMAKE_PREFIX_PATH=${CMAKE_PREFIX_PATH}:/opt/ros/humble VIRTUAL_ENV_PROMPT=(rl_robot_env) /usr/bin/cmake --install /home/ani-root/disaster_robot_ws/build/disaster_robot_description
[0.089s] -- Install configuration: ""
[0.090s] -- Execute custom install script
[0.091s] -- Up-to-date symlink: /home/ani-root/disaster_robot_ws/install/disaster_robot_description/share/disaster_robot_description/urdf/disaster_robot.urdf
[0.091s] -- Up-to-date symlink: /home/ani-root/disaster_robot_ws/install/disaster_robot_description/share/disaster_robot_description/launch/robot_gazebo.launch.py
[0.091s] -- Up-to-date symlink: /home/ani-root/disaster_robot_ws/install/disaster_robot_description/share/disaster_robot_description/worlds/disaster_scene.world
[0.092s] -- Up-to-date symlink: /home/ani-root/disaster_robot_ws/install/disaster_robot_description/share/disaster_robot_description/worlds/empty.world
[0.092s] -- Up-to-date symlink: /home/ani-root/disaster_robot_ws/install/disaster_robot_description/share/ament_index/resource_index/package_run_dependencies/disaster_robot_description
[0.092s] -- Up-to-date symlink: /home/ani-root/disaster_robot_ws/install/disaster_robot_description/share/ament_index/resource_index/parent_prefix_path/disaster_robot_description
[0.092s] -- Up-to-date symlink: /home/ani-root/disaster_robot_ws/install/disaster_robot_description/share/disaster_robot_description/environment/ament_prefix_path.sh
[0.093s] -- Up-to-date symlink: /home/ani-root/disaster_robot_ws/install/disaster_robot_description/share/disaster_robot_description/environment/ament_prefix_path.dsv
[0.093s] -- Up-to-date symlink: /home/ani-root/disaster_robot_ws/install/disaster_robot_description/share/disaster_robot_description/environment/path.sh
[0.093s] -- Up-to-date symlink: /home/ani-root/disaster_robot_ws/install/disaster_robot_description/share/disaster_robot_description/environment/path.dsv
[0.093s] -- Up-to-date symlink: /home/ani-root/disaster_robot_ws/install/disaster_robot_description/share/disaster_robot_description/local_setup.bash
[0.093s] -- Up-to-date symlink: /home/ani-root/disaster_robot_ws/install/disaster_robot_description/share/disaster_robot_description/local_setup.sh
[0.093s] -- Up-to-date symlink: /home/ani-root/disaster_robot_ws/install/disaster_robot_description/share/disaster_robot_description/local_setup.zsh
[0.093s] -- Up-to-date symlink: /home/ani-root/disaster_robot_ws/install/disaster_robot_description/share/disaster_robot_description/local_setup.dsv
[0.094s] -- Symlinking: /home/ani-root/disaster_robot_ws/install/disaster_robot_description/share/disaster_robot_description/package.dsv
[0.101s] -- Up-to-date symlink: /home/ani-root/disaster_robot_ws/install/disaster_robot_description/share/ament_index/resource_index/packages/disaster_robot_description
[0.101s] -- Up-to-date symlink: /home/ani-root/disaster_robot_ws/install/disaster_robot_description/share/disaster_robot_description/cmake/disaster_robot_descriptionConfig.cmake
[0.101s] -- Up-to-date symlink: /home/ani-root/disaster_robot_ws/install/disaster_robot_description/share/disaster_robot_description/cmake/disaster_robot_descriptionConfig-version.cmake
[0.101s] -- Up-to-date symlink: /home/ani-root/disaster_robot_ws/install/disaster_robot_description/share/disaster_robot_description/package.xml
[0.104s] Invoked command in '/home/ani-root/disaster_robot_ws/build/disaster_robot_description' returned '0': CMAKE_PREFIX_PATH=${CMAKE_PREFIX_PATH}:/opt/ros/humble VIRTUAL_ENV_PROMPT=(rl_robot_env) /usr/bin/cmake --install /home/ani-root/disaster_robot_ws/build/disaster_robot_description
