[0.009s] Invoking command in '/home/ani-root/disaster_robot_ws/build/disaster_robot_description': CMAKE_PREFIX_PATH=${CMAKE_PREFIX_PATH}:/opt/ros/humble VIRTUAL_ENV_PROMPT=(rl_robot_env) /usr/bin/cmake /home/ani-root/disaster_robot_ws/src/disaster_robot_description -DAMENT_CMAKE_SYMLINK_INSTALL=1 -DCMAKE_INSTALL_PREFIX=/home/ani-root/disaster_robot_ws/install/disaster_robot_description
[0.239s] -- The C compiler identification is GNU 11.4.0
[0.974s] -- The CXX compiler identification is GNU 11.4.0
[1.481s] -- Detecting C compiler ABI info
[1.658s] -- Detecting C compiler ABI info - done
[1.664s] -- Check for working C compiler: /usr/bin/cc - skipped
[1.664s] -- Detecting C compile features
[1.665s] -- Detecting C compile features - done
[1.668s] -- Detecting CXX compiler ABI info
[1.840s] -- Detecting CXX compiler ABI info - done
[1.845s] -- Check for working CXX compiler: /usr/bin/c++ - skipped
[1.845s] -- Detecting CXX compile features
[1.845s] -- Detecting CXX compile features - done
[1.857s] -- Found ament_cmake: 1.3.12 (/opt/ros/humble/share/ament_cmake/cmake)
[1.950s] -- Found Python3: /home/ani-root/rl_robot_env/bin/python3 (found version "3.10.12") found components: Interpreter 
[2.007s] -- Override CMake install command with custom implementation using symlinks instead of copying resources
[2.056s] Traceback (most recent call last):
[2.056s]   File "/opt/ros/humble/share/ament_cmake_core/cmake/core/package_xml_2_cmake.py", line 22, in <module>
[2.056s]     from catkin_pkg.package import parse_package_string
[2.056s] ModuleNotFoundError: No module named 'catkin_pkg'
[2.058s] [31mCMake Error at /opt/ros/humble/share/ament_cmake_core/cmake/core/ament_package_xml.cmake:95 (message):
[2.058s]   execute_process(/home/ani-root/rl_robot_env/bin/python3
[2.058s]   /opt/ros/humble/share/ament_cmake_core/cmake/core/package_xml_2_cmake.py
[2.058s]   /home/ani-root/disaster_robot_ws/src/disaster_robot_description/package.xml
[2.058s]   /home/ani-root/disaster_robot_ws/build/disaster_robot_description/ament_cmake_core/package.cmake)
[2.058s]   returned error code 1
[2.058s] Call Stack (most recent call first):
[2.058s]   /opt/ros/humble/share/ament_cmake_core/cmake/core/ament_package_xml.cmake:49 (_ament_package_xml)
[2.059s]   /opt/ros/humble/share/ament_cmake_core/cmake/core/ament_package.cmake:63 (ament_package_xml)
[2.059s]   CMakeLists.txt:21 (ament_package)
[2.059s] 
[2.059s] [0m
[2.059s] -- Configuring incomplete, errors occurred!
[2.059s] See also "/home/ani-root/disaster_robot_ws/build/disaster_robot_description/CMakeFiles/CMakeOutput.log".
[2.062s] Invoked command in '/home/ani-root/disaster_robot_ws/build/disaster_robot_description' returned '1': CMAKE_PREFIX_PATH=${CMAKE_PREFIX_PATH}:/opt/ros/humble VIRTUAL_ENV_PROMPT=(rl_robot_env) /usr/bin/cmake /home/ani-root/disaster_robot_ws/src/disaster_robot_description -DAMENT_CMAKE_SYMLINK_INSTALL=1 -DCMAKE_INSTALL_PREFIX=/home/ani-root/disaster_robot_ws/install/disaster_robot_description
